<?xml version="1.0" encoding="UTF-8" ?>
<testsuite errors="0" failures="0" hostname="sen" name="test.com.arnab.Test2" skipped="0" tests="1" time="9.133" timestamp="2017-09-12T13:09:35">
  <properties>
    <property name="file.encoding.pkg" value="sun.io" />
    <property name="env.PROMPT" value="$P$G" />
    <property name="java.home" value="C:\Program Files\Java\jdk1.8.0_101\jre" />
    <property name="env.GIT_URL" value="https://github.com/arnabsengupta/contintproj" />
    <property name="env.PDBASE" value="C:\Program Files\IBM\Infoprint Select" />
    <property name="env.PD_SOCKET" value="6874" />
    <property name="java.endorsed.dirs" value="C:\Program Files\Java\jdk1.8.0_101\jre\lib\endorsed" />
    <property name="env.USERNAME" value="ibm" />
    <property name="debuglevel" value="source,lines,vars" />
    <property name="env.HUDSON_HOME" value="C:\Users\IBM_ADMIN\.jenkins" />
    <property name="sun.os.patch.level" value="Service Pack 1" />
    <property name="env.COMMPath" value="C:\Program Files\Lenovo\Communications Utility" />
    <property name="java.vendor.url" value="http://java.oracle.com/" />
    <property name="env.COMPUTERNAME" value="SEN" />
    <property name="env.=C:" value="C:\Users\IBM_ADMIN\mavenworkspace\SeleniumTest" />
    <property name="env.ProgramFiles(x86)" value="C:\Program Files (x86)" />
    <property name="env.NODE_NAME" value="master" />
    <property name="java.version" value="1.8.0_101" />
    <property name="env.NODE_LABELS" value="master" />
    <property name="env.JENKINS_SERVER_COOKIE" value="cee6576f45f76b85" />
    <property name="java.vendor.url.bug" value="http://bugreport.sun.com/bugreport/" />
    <property name="env.USERPROFILE" value="C:\Users\IBM_ADMIN" />
    <property name="ant.project.invoked-targets" value="Test1" />
    <property name="env.SystemRoot" value="C:\windows" />
    <property name="user.name" value="ibm" />
    <property name="sun.io.unicode.encoding" value="UnicodeLittle" />
    <property name="sun.jnu.encoding" value="Cp1252" />
    <property name="java.runtime.name" value="Java(TM) SE Runtime Environment" />
    <property name="env.LOCALAPPDATA" value="C:\Users\IBM_ADMIN\AppData\Local" />
    <property name="java.specification.name" value="Java Platform API Specification" />
    <property name="user.timezone" value="" />
    <property name="user.script" value="" />
    <property name="path.separator" value=";" />
    <property name="env.PROCESSOR_IDENTIFIER" value="Intel64 Family 6 Model 78 Stepping 3, GenuineIntel" />
    <property name="env._JAVACMD" value="C:\Program Files\Java\jdk1.8.0_101\bin\java.exe" />
    <property name="file.encoding" value="Cp1252" />
    <property name="ant.project.default-target" value="junitreport" />
    <property name="sun.java.command" value="org.apache.tools.ant.taskdefs.optional.junit.JUnitTestRunner test.com.arnab.Test2 skipNonTests=false filtertrace=true haltOnError=false haltOnFailure=false formatter=org.apache.tools.ant.taskdefs.optional.junit.OutErrSummaryJUnitResultFormatter showoutput=false outputtoformatters=true logfailedtests=true threadid=0 logtestlistenerevents=false formatter=org.apache.tools.ant.taskdefs.optional.junit.XMLJUnitResultFormatter,C:\Users\IBM_ADMIN\mavenworkspace\SeleniumTest\junit\TEST-test.com.arnab.Test2.xml crashfile=C:\Users\IBM_ADMIN\mavenworkspace\SeleniumTest\junitvmwatcher9205843095498233977.properties propsfile=C:\Users\IBM_ADMIN\mavenworkspace\SeleniumTest\junit5549428971736304854.properties" />
    <property name="env.RUN_DISPLAY_URL" value="http://9.184.214.29:8080/job/SeleniumTestProject/65/display/redirect" />
    <property name="env.NUMBER_OF_PROCESSORS" value="4" />
    <property name="env.APPDATA" value="C:\Users\IBM_ADMIN\AppData\Roaming" />
    <property name="ant.file" value="C:\Users\IBM_ADMIN\mavenworkspace\SeleniumTest\build.xml" />
    <property name="env.BUILD_TAG" value="jenkins-SeleniumTestProject-65" />
    <property name="java.io.tmpdir" value="C:\Users\IBM_AD~1\AppData\Local\Temp\" />
    <property name="user.language" value="en" />
    <property name="env.SystemDrive" value="C:" />
    <property name="line.separator" value="&#xd;&#xa;" />
    <property name="target" value="1.8" />
    <property name="ant.file.type" value="file" />
    <property name="env.JOB_NAME" value="SeleniumTestProject" />
    <property name="java.vm.info" value="mixed mode" />
    <property name="source" value="1.8" />
    <property name="env.BUILD_DISPLAY_NAME" value="#65" />
    <property name="sun.desktop" value="windows" />
    <property name="java.vm.specification.name" value="Java Virtual Machine Specification" />
    <property name="env.JOB_DISPLAY_URL" value="http://9.184.214.29:8080/job/SeleniumTestProject/display/redirect" />
    <property name="env.BUILD_URL" value="http://9.184.214.29:8080/job/SeleniumTestProject/65/" />
    <property name="env.PATHEXT" value=".COM;.EXE;.BAT;.CMD;.VBS;.VBE;.JS;.JSE;.WSF;.WSH;.MSC" />
    <property name="env.LOGONSERVER" value="\\SEN" />
    <property name="java.awt.printerjob" value="sun.awt.windows.WPrinterJob" />
    <property name="env.HUDSON_SERVER_COOKIE" value="cee6576f45f76b85" />
    <property name="env.PUBLIC" value="C:\Users\Public" />
    <property name="ant.version" value="Apache Ant(TM) version 1.10.1 compiled on February 2 2017" />
    <property name="env.USERDOMAIN" value="SEN" />
    <property name="env.VBOX_MSI_INSTALL_PATH" value="C:\Program Files\Oracle\VirtualBox\" />
    <property name="env.PROCESSOR_LEVEL" value="6" />
    <property name="env.windir" value="C:\windows" />
    <property name="env.BUILD_NUMBER" value="65" />
    <property name="env.CommonProgramFiles(x86)" value="C:\Program Files (x86)\Common Files" />
    <property name="ant.file.type.SeleniumTest" value="file" />
    <property name="os.name" value="Windows 7" />
    <property name="java.specification.vendor" value="Oracle Corporation" />
    <property name="env.TMP" value="C:\Users\IBM_AD~1\AppData\Local\Temp" />
    <property name="java.vm.name" value="Java HotSpot(TM) 64-Bit Server VM" />
    <property name="env.ProgramData" value="C:\ProgramData" />
    <property name="env.JOB_URL" value="http://9.184.214.29:8080/job/SeleniumTestProject/" />
    <property name="env.OS" value="Windows_NT" />
    <property name="java.library.path" value="C:\Program Files\Java\jdk1.8.0_101\jre\bin;C:\windows\Sun\Java\bin;C:\windows\system32;C:\windows;C:\Program Files\Java\jdk1.8.0_101/bin;C:\Program Files\Java\jdk1.8.0_101/bin;C:\ProgramData\Oracle\Java\javapath;C:\windows\system32;C:\windows;C:\windows\System32\Wbem;C:\windows\System32\WindowsPowerShell\v1.0\;C:\Program Files\IBM\Infoprint Select;C:\Program Files (x86)\IBM\Mobility Client\;C:\Program Files\Intel\WiFi\bin\;C:\Program Files\Common Files\Intel\WirelessCommon\;C:\Ruby23-x64\bin;C:\Program Files\nodejs\;C:\Program Files\IBM\Bluemix\bin;C:\Program Files\apache-ant-1.10.1\bin;C:\Program Files\PuTTY\;C:\Program Files\Intel\WiFi\bin\;C:\Program Files\Common Files\Intel\WirelessCommon\;C:\Users\IBM_ADMIN\AppData\Roaming\npm;C:\Users\IBM_ADMIN\AppData\Local\atom\bin;." />
    <property name="env.HUDSON_URL" value="http://9.184.214.29:8080/" />
    <property name="ant.java.version" value="1.8" />
    <property name="env.JENKINS_URL" value="http://9.184.214.29:8080/" />
    <property name="basedir" value="C:\Users\IBM_ADMIN\mavenworkspace\SeleniumTest" />
    <property name="java.class.version" value="52.0" />
    <property name="ant.home" value="C:\Program Files\apache-ant-1.10.1" />
    <property name="env.Path" value="C:\Program Files\Java\jdk1.8.0_101/bin;C:\Program Files\Java\jdk1.8.0_101/bin;C:\ProgramData\Oracle\Java\javapath;C:\windows\system32;C:\windows;C:\windows\System32\Wbem;C:\windows\System32\WindowsPowerShell\v1.0\;C:\Program Files\IBM\Infoprint Select;C:\Program Files (x86)\IBM\Mobility Client\;C:\Program Files\Intel\WiFi\bin\;C:\Program Files\Common Files\Intel\WirelessCommon\;C:\Ruby23-x64\bin;C:\Program Files\nodejs\;C:\Program Files\IBM\Bluemix\bin;C:\Program Files\apache-ant-1.10.1\bin;C:\Program Files\PuTTY\;C:\Program Files\Intel\WiFi\bin\;C:\Program Files\Common Files\Intel\WirelessCommon\;C:\Users\IBM_ADMIN\AppData\Roaming\npm;C:\Users\IBM_ADMIN\AppData\Local\atom\bin" />
    <property name="env.GIT_COMMIT" value="71e69626ffb6a229be45e3fe822a97b55ece87a5" />
    <property name="env.JENKINS_HOME" value="C:\Users\IBM_ADMIN\.jenkins" />
    <property name="env.HOMEDRIVE" value="C:" />
    <property name="env.RUN_CHANGES_DISPLAY_URL" value="http://9.184.214.29:8080/job/SeleniumTestProject/65/display/redirect?page=changes" />
    <property name="sun.boot.library.path" value="C:\Program Files\Java\jdk1.8.0_101\jre\bin" />
    <property name="env.PROCESSOR_REVISION" value="4e03" />
    <property name="sun.management.compiler" value="HotSpot 64-Bit Tiered Compilers" />
    <property name="java.awt.graphicsenv" value="sun.awt.Win32GraphicsEnvironment" />
    <property name="user.variant" value="" />
    <property name="ant.project.name" value="SeleniumTest" />
    <property name="java.vm.specification.version" value="1.8" />
    <property name="awt.toolkit" value="sun.awt.windows.WToolkit" />
    <property name="sun.cpu.isalist" value="amd64" />
    <property name="java.ext.dirs" value="C:\Program Files\Java\jdk1.8.0_101\jre\lib\ext;C:\windows\Sun\Java\lib\ext" />
    <property name="os.version" value="6.1" />
    <property name="user.home" value="C:\Users\IBM_ADMIN" />
    <property name="java.vm.vendor" value="Oracle Corporation" />
    <property name="env.CommonProgramW6432" value="C:\Program Files\Common Files" />
    <property name="env.JAVA_HOME" value="C:\Program Files\Java\jdk1.8.0_101" />
    <property name="env.ProgramW6432" value="C:\Program Files" />
    <property name="junit.output.dir" value="junit" />
    <property name="user.dir" value="C:\Users\IBM_ADMIN\mavenworkspace\SeleniumTest" />
    <property name="env.FP_NO_HOST_CHECK" value="NO" />
    <property name="env.TVT" value="C:\Program Files (x86)\Lenovo" />
    <property name="sun.cpu.endian" value="little" />
    <property name="env._USE_CLASSPATH" value="no" />
    <property name="env.ALLUSERSPROFILE" value="C:\ProgramData" />
    <property name="env.GIT_PREVIOUS_COMMIT" value="71e69626ffb6a229be45e3fe822a97b55ece87a5" />
    <property name="env.PROCESSOR_ARCHITECTURE" value="AMD64" />
    <property name="java.vm.version" value="25.101-b13" />
    <property name="java.class.path" value="C:\Users\IBM_ADMIN\mavenworkspace\SeleniumTest\bin;C:\Users\IBM_ADMIN\.ivy2\cache\org.seleniumhq.selenium\selenium-api\jars\selenium-api-2.44.0.jar;C:\Users\IBM_ADMIN\.ivy2\cache\com.google.guava\guava\bundles\guava-18.0.jar;C:\Users\IBM_ADMIN\.ivy2\cache\com.google.code.gson\gson\jars\gson-2.3.jar;C:\Users\IBM_ADMIN\.ivy2\cache\org.seleniumhq.selenium\selenium-remote-driver\jars\selenium-remote-driver-2.44.0.jar;C:\Users\IBM_ADMIN\.ivy2\cache\cglib\cglib-nodep\jars\cglib-nodep-2.1_3.jar;C:\Users\IBM_ADMIN\.ivy2\cache\org.apache.httpcomponents\httpclient\jars\httpclient-4.3.4.jar;C:\Users\IBM_ADMIN\.ivy2\cache\org.apache.httpcomponents\httpcore\jars\httpcore-4.3.2.jar;C:\Users\IBM_ADMIN\.ivy2\cache\commons-logging\commons-logging\jars\commons-logging-1.1.3.jar;C:\Users\IBM_ADMIN\.ivy2\cache\commons-codec\commons-codec\jars\commons-codec-1.9.jar;C:\Users\IBM_ADMIN\.ivy2\cache\org.apache.commons\commons-exec\jars\commons-exec-1.1.jar;C:\Users\IBM_ADMIN\.ivy2\cache\net.java.dev.jna\jna\jars\jna-3.4.0.jar;C:\Users\IBM_ADMIN\.ivy2\cache\net.java.dev.jna\platform\jars\platform-3.4.0.jar;C:\Users\IBM_ADMIN\.ivy2\cache\org.seleniumhq.selenium\selenium-chrome-driver\jars\selenium-chrome-driver-2.44.0.jar;C:\Users\IBM_ADMIN\.ivy2\cache\org.seleniumhq.selenium\selenium-support\jars\selenium-support-2.44.0.jar;C:\Users\IBM_ADMIN\.ivy2\cache\org.hamcrest\hamcrest-all\jars\hamcrest-all-1.3.jar;C:\Users\IBM_ADMIN\.ivy2\cache\junit\junit\jars\junit-4.11.jar;C:\Users\IBM_ADMIN\.ivy2\cache\org.hamcrest\hamcrest-core\jars\hamcrest-core-1.3.jar;C:\Users\IBM_ADMIN\.ivy2\cache\ant-contrib\ant-contrib\jars\ant-contrib-1.0b3.jar;C:\Users\IBM_ADMIN\Documents\eclipse\plugins\org.junit_4.12.0.v201504281640\junit.jar;C:\Users\IBM_ADMIN\Documents\eclipse\plugins\org.hamcrest.core_1.3.0.v201303031735.jar;C:\Users\IBM_ADMIN\mavenworkspace\SeleniumTestHelpers\target\classes;C:\Program Files\apache-ant-1.10.1\lib\ant-launcher.jar;C:\Program Files\apache-ant-1.10.1\lib\ant.jar;C:\Program Files\apache-ant-1.10.1\lib\ant-junit.jar;C:\Program Files\apache-ant-1.10.1\lib\ant-junit4.jar" />
    <property name="env.HOMEPATH" value="\Users\IBM_ADMIN" />
    <property name="ant.library.dir" value="C:\Program Files\apache-ant-1.10.1\lib" />
    <property name="os.arch" value="amd64" />
    <property name="env.SESSIONNAME" value="Console" />
    <property name="sun.java.launcher" value="SUN_STANDARD" />
    <property name="env.CommonProgramFiles" value="C:\Program Files\Common Files" />
    <property name="env.BUILD_ID" value="65" />
    <property name="ant.core.lib" value="C:\Program Files\apache-ant-1.10.1\lib\ant.jar" />
    <property name="env.ProgramFiles" value="C:\Program Files" />
    <property name="java.vm.specification.vendor" value="Oracle Corporation" />
    <property name="file.separator" value="\" />
    <property name="env.GIT_BRANCH" value="origin/master" />
    <property name="env.ANT_CMD_LINE_ARGS" value=" -file build.xml Test1" />
    <property name="java.runtime.version" value="1.8.0_101-b13" />
    <property name="sun.boot.class.path" value="C:\Program Files\Java\jdk1.8.0_101\jre\lib\resources.jar;C:\Program Files\Java\jdk1.8.0_101\jre\lib\rt.jar;C:\Program Files\Java\jdk1.8.0_101\jre\lib\sunrsasign.jar;C:\Program Files\Java\jdk1.8.0_101\jre\lib\jsse.jar;C:\Program Files\Java\jdk1.8.0_101\jre\lib\jce.jar;C:\Program Files\Java\jdk1.8.0_101\jre\lib\charsets.jar;C:\Program Files\Java\jdk1.8.0_101\jre\lib\jfr.jar;C:\Program Files\Java\jdk1.8.0_101\jre\classes" />
    <property name="ant.file.SeleniumTest" value="C:\Users\IBM_ADMIN\mavenworkspace\SeleniumTest\build.xml" />
    <property name="env.ComSpec" value="C:\windows\system32\cmd.exe" />
    <property name="env.WORKSPACE" value="C:\Users\IBM_ADMIN\.jenkins\workspace\SeleniumTestProject" />
    <property name="env.GIT_PREVIOUS_SUCCESSFUL_COMMIT" value="6e9c140232943e8b1f23fe77daaedb6096ff28b1" />
    <property name="env.TEMP" value="C:\Users\IBM_AD~1\AppData\Local\Temp" />
    <property name="env.ANT_HOME" value="C:\Program Files\apache-ant-1.10.1" />
    <property name="user.country" value="US" />
    <property name="env.EXECUTOR_NUMBER" value="1" />
    <property name="env.JOB_BASE_NAME" value="SeleniumTestProject" />
    <property name="java.vendor" value="Oracle Corporation" />
    <property name="env.PSModulePath" value="C:\windows\system32\WindowsPowerShell\v1.0\Modules\" />
    <property name="env.HUDSON_COOKIE" value="2129e9bf-9bfe-4368-81b1-c0561a0be574" />
    <property name="java.specification.version" value="1.8" />
    <property name="sun.arch.data.model" value="64" />
  </properties>
  <testcase classname="test.com.arnab.Test2" name="test" time="9.072" />
  <system-out><![CDATA[]]></system-out>
  <system-err><![CDATA[]]></system-err>
</testsuite>
